<?xml version="1.0" encoding="UTF-8"?>
<testsuite xmlns:xsi="http://www.w3.org/2001/XMLSchema-instance" xsi:noNamespaceSchemaLocation="https://maven.apache.org/surefire/maven-surefire-plugin/xsd/surefire-test-report.xsd" version="3.0.2" name="com.spring.blogsystem.BlogsystemApplicationTests" time="2.796" tests="1" errors="0" skipped="0" failures="0">
  <properties>
[...]
</properties>
  <testcase name="contextLoads" classname="com.spring.blogsystem.BlogsystemApplicationTests" time="0.649">
    <system-out><![CDATA[19:14:55.691 [main] INFO org.springframework.test.context.support.AnnotationConfigContextLoaderUtils -- Could not detect default configuration classes for test class [com.spring.blogsystem.BlogsystemApplicationTests]: BlogsystemApplicationTests does not declare any static, non-private, non-final, nested classes annotated with @Configuration.
19:14:55.791 [main] INFO org.springframework.boot.test.context.SpringBootTestContextBootstrapper -- Found @SpringBootConfiguration com.spring.blogsystem.BlogsystemApplication for test class com.spring.blogsystem.BlogsystemApplicationTests

  .   ____          _            __ _ _
 /\\ / ___'_ __ _ _(_)_ __  __ _ \ \ \ \
( ( )\___ | '_ | '_| | '_ \/ _` | \ \ \ \
 \\/  ___)| |_)| | | | | || (_| |  ) ) ) )
  '  |____| .__|_| |_|_| |_\__, | / / / /
 =========|_|==============|___/=/_/_/_/

 :: Spring Boot ::                (v3.5.9)

2025-12-25T19:14:56.169+08:00  INFO 36740 --- [           main] c.s.b.BlogsystemApplicationTests         : Starting BlogsystemApplicationTests using Java 18 with PID 36740 (started by 47894 in D:\codeC\java-int\JDK18\bit_courseJAVA\JavaEE\blogsystem)
2025-12-25T19:14:56.170+08:00  INFO 36740 --- [           main] c.s.b.BlogsystemApplicationTests         : The following 1 profile is active: "prod"
 _ _   |_  _ _|_. ___ _ |    _ 
| | |\/|_)(_| | |_\  |_)||_|_\ 
     /               |         
                        3.5.5 
2025-12-25T19:14:57.686+08:00  INFO 36740 --- [           main] c.s.b.BlogsystemApplicationTests         : Started BlogsystemApplicationTests in 1.777 seconds (process running for 2.557)
]]></system-out>
  </testcase>
</testsuite>